<?xml version="1.0" encoding="UTF-8"?>
<!-- Generated by org.testng.reporters.JUnitReportReporter -->
<testsuite skipped="0" hostname="LAPTOP-3JIQ9SO6" name="testCases.TC_002_Login" tests="1" failures="0" timestamp="2021-07-22T10:47:57 IST" time="6.561" errors="0">
  <testcase name="test_login" time="6.561" classname="testCases.TC_002_Login"/>
  <system-out/>
</testsuite> <!-- testCases.TC_002_Login -->
