<?xml version="1.0" encoding="UTF-8"?>
<!-- Generated by org.testng.reporters.JUnitReportReporter -->
<testsuite skipped="0" hostname="LAPTOP-3JIQ9SO6" name="testCases.TC_001_AccountRegistration" tests="1" failures="0" timestamp="2021-07-22T10:47:57 IST" time="7.232" errors="0">
  <testcase name="test_account_Registration" time="7.232" classname="testCases.TC_001_AccountRegistration"/>
  <system-out/>
</testsuite> <!-- testCases.TC_001_AccountRegistration -->
