<?xml version="1.0" encoding="UTF-8"?>
<!-- Generated by org.testng.reporters.JUnitReportReporter -->
<testsuite skipped="0" hostname="LAPTOP-3JIQ9SO6" name="testCases.TC_003_LoginDDT" tests="4" failures="0" timestamp="2021-07-21T23:42:29 IST" time="24.092" errors="0">
  <testcase name="test_LoginDDT" time="10.031" classname="testCases.TC_003_LoginDDT"/>
  <system-out/>
  <testcase name="test_LoginDDT" time="4.487" classname="testCases.TC_003_LoginDDT"/>
  <system-out/>
  <testcase name="test_LoginDDT" time="4.784" classname="testCases.TC_003_LoginDDT"/>
  <system-out/>
  <testcase name="test_LoginDDT" time="4.790" classname="testCases.TC_003_LoginDDT"/>
  <system-out/>
</testsuite> <!-- testCases.TC_003_LoginDDT -->
